Concours CodeStory : http://www.code-story.net/
Regles : http://www.code-story.net/2011/11/16/foobarqix.html
Implementation des regles du 16 Nov 2011

With enums : https://github.com/framiere/FooBarQix/blob/master/src/main/java/fr/ramiere/codestory/FooBarQixEnum.java
For performance : https://github.com/framiere/FooBarQix/blob/master/src/main/java/fr/ramiere/codestory/FooBarQixPerf.java
Fluent abuse : https://github.com/framiere/FooBarQix/blob/master/src/main/java/fr/ramiere/codestory/FooBarQixFluentAbuse.java


<pre>
FooBarQixBenchmarkEnumTest.bench: [measured 2000 out of 2500 rounds, threads: 10 (physical processors: 4)]
 round: 0.01 [+- 0.01], round.gc: 0.00 [+- 0.00], GC.calls: 382, GC.time: 0.18, time.total: 2.60, time.warmup: 0.69, time.bench: 1.91
Tests run: 1, Failures: 0, Errors: 0, Skipped: 0, Time elapsed: 2.68 sec
Running fr.ramiere.codestory.FooBarQixBenchmarkFluentAbuseTest
FooBarQixBenchmarkFluentAbuseTest.bench: [measured 2000 out of 2500 rounds, threads: 10 (physical processors: 4)]
 round: 0.01 [+- 0.01], round.gc: 0.00 [+- 0.00], GC.calls: 430, GC.time: 0.24, time.total: 3.01, time.warmup: 0.68, time.bench: 2.33
Tests run: 1, Failures: 0, Errors: 0, Skipped: 0, Time elapsed: 3.017 sec
Running fr.ramiere.codestory.FooBarQixBenchmarkPerfTest
FooBarQixBenchmarkPerfTest.bench: [measured 2000 out of 2500 rounds, threads: 10 (physical processors: 4)]
 round: 0.01 [+- 0.01], round.gc: 0.00 [+- 0.00], GC.calls: 205, GC.time: 0.12, time.total: 2.26, time.warmup: 0.59, time.bench: 1.67
Tests run: 1, Failures: 0, Errors: 0, Skipped: 0, Time elapsed: 2.278 sec
</pre>
